Log file open, 11/14/17 16:20:57
LogWindows: Failed to load 'aqProf.dll' (GetLastError=126)
LogWindows: File 'aqProf.dll' does not exist
LogWindows: Failed to load 'VSPerf140.dll' (GetLastError=126)
LogWindows: File 'VSPerf140.dll' does not exist
LogWindows: Failed to load 'VtuneApi.dll' (GetLastError=126)
LogWindows: File 'VtuneApi.dll' does not exist
LogWindows: Failed to load 'VtuneApi32e.dll' (GetLastError=126)
LogWindows: File 'VtuneApi32e.dll' does not exist
LogInit: Display: Running engine for game: EndlessRunner
LogPlatformFile: Not using cached read wrapper
LogInit: Display: RandInit(1806882069) SRandInit(1806882069).
LogTaskGraph: Started task graph with 5 named threads and 14 total threads with 3 sets of task threads.
LogStats: Stats thread started at 0.158110
LogD3D11RHI: Aftermath initialized
LogPluginManager: Mounting plugin Paper2D
LogPluginManager: Mounting plugin LightPropagationVolume
LogPluginManager: Mounting plugin CodeLiteSourceCodeAccess
LogPluginManager: Mounting plugin GitSourceControl
LogPluginManager: Mounting plugin KDevelopSourceCodeAccess
LogPluginManager: Mounting plugin NullSourceCodeAccess
LogPluginManager: Mounting plugin PerforceSourceControl
LogPluginManager: Mounting plugin SubversionSourceControl
LogPluginManager: Mounting plugin UObjectPlugin
LogPluginManager: Mounting plugin VisualStudioSourceCodeAccess
LogPluginManager: Mounting plugin XCodeSourceCodeAccess
LogPluginManager: Mounting plugin AssetManagerEditor
LogPluginManager: Mounting plugin AudioCapture
LogPluginManager: Mounting plugin FacialAnimation
LogPluginManager: Mounting plugin GameplayTagsEditor
LogPluginManager: Mounting plugin MobileLauncherProfileWizard
LogPluginManager: Mounting plugin PluginBrowser
LogPluginManager: Mounting plugin SpeedTreeImporter
LogPluginManager: Mounting plugin AlembicImporter
LogPluginManager: Mounting plugin CharacterAI
LogPluginManager: Mounting plugin HTML5Networking
LogPluginManager: Mounting plugin AndroidMedia
LogPluginManager: Mounting plugin AvfMedia
LogPluginManager: Mounting plugin MediaPlayerEditor
LogPluginManager: Mounting plugin WmfMedia
LogPluginManager: Mounting plugin TcpMessaging
LogPluginManager: Mounting plugin UdpMessaging
LogPluginManager: Mounting plugin LevelSequenceEditor
LogPluginManager: Mounting plugin MatineeToLevelSequence
LogPluginManager: Mounting plugin OnlineSubsystemGooglePlay
LogPluginManager: Mounting plugin OnlineSubsystemIOS
LogPluginManager: Mounting plugin OnlineSubsystem
LogPluginManager: Mounting plugin OnlineSubsystemNull
LogPluginManager: Mounting plugin OnlineSubsystemUtils
LogPluginManager: Mounting plugin AndroidDeviceProfileSelector
LogPluginManager: Mounting plugin AndroidMoviePlayer
LogPluginManager: Mounting plugin AndroidPermission
LogPluginManager: Mounting plugin AppleMoviePlayer
LogPluginManager: Mounting plugin ArchVisCharacter
LogPluginManager: Mounting plugin CableComponent
LogPluginManager: Mounting plugin CustomMeshComponent
LogPluginManager: Mounting plugin ExampleDeviceProfileSelector
LogPluginManager: Mounting plugin GoogleCloudMessaging
LogPluginManager: Mounting plugin ImmediatePhysics
LogPluginManager: Mounting plugin IOSDeviceProfileSelector
LogPluginManager: Mounting plugin LinuxDeviceProfileSelector
LogPluginManager: Mounting plugin LocationServicesBPLibrary
LogPluginManager: Mounting plugin MobilePatchingUtils
LogPluginManager: Mounting plugin OculusVR
LogPluginManager: Mounting plugin PhysXVehicles
LogPluginManager: Mounting plugin ProceduralMeshComponent
LogPluginManager: Mounting plugin RuntimePhysXCooking
LogPluginManager: Mounting plugin SteamVR
LogPluginManager: Mounting plugin WindowsMoviePlayer
LogInit: Using libcurl 7.47.1
LogInit:  - built for x86_64-pc-win32
LogInit:  - supports SSL with OpenSSL/1.0.2g
LogInit:  - supports HTTP deflate (compression) using libz 1.2.8
LogInit:  - other features:
LogInit:      CURL_VERSION_SSL
LogInit:      CURL_VERSION_LIBZ
LogInit:      CURL_VERSION_IPV6
LogInit:      CURL_VERSION_ASYNCHDNS
LogInit:      CURL_VERSION_LARGEFILE
LogInit:      CURL_VERSION_IDN
LogInit:  CurlRequestOptions (configurable via config and command line):
LogInit:  - bVerifyPeer = false  - Libcurl will NOT verify peer certificate
LogInit:  - bUseHttpProxy = false  - Libcurl will NOT use HTTP proxy
LogInit:  - bDontReuseConnections = false  - Libcurl will reuse connections
LogInit:  - CertBundlePath = nullptr  - Libcurl will use whatever was configured at build time.
LogInit: Build: ++UE4+Release-4.17-CL-3658906
LogInit: Engine Version: 4.17.2-3658906+++UE4+Release-4.17
LogInit: Compatible Engine Version: 4.17.0-3573198+++UE4+Release-4.17
LogInit: Net CL: 3573198
LogDevObjectVersion: Number of dev versions registered: 16
LogDevObjectVersion:   Dev-Blueprints (B0D832E4-1F89-4F0D-ACCF-7EB736FD4AA2): 10
LogDevObjectVersion:   Dev-Build (E1C64328-A22C-4D53-A36C-8E866417BD8C): 0
LogDevObjectVersion:   Dev-Core (375EC13C-06E4-48FB-B500-84F0262A717E): 2
LogDevObjectVersion:   Dev-Editor (E4B068ED-F494-42E9-A231-DA0B2E46BB41): 20
LogDevObjectVersion:   Dev-Framework (CFFC743F-43B0-4480-9391-14DF171D2073): 28
LogDevObjectVersion:   Dev-Mobile (B02B49B5-BB20-44E9-A304-32B752E40360): 0
LogDevObjectVersion:   Dev-Networking (A4E4105C-59A1-49B5-A7C5-40C4547EDFEE): 0
LogDevObjectVersion:   Dev-Online (39C831C9-5AE6-47DC-9A44-9C173E1C8E7C): 0
LogDevObjectVersion:   Dev-Physics (78F01B33-EBEA-4F98-B9B4-84EACCB95AA2): 0
LogDevObjectVersion:   Dev-Platform (6631380F-2D4D-43E0-8009-CF276956A95A): 0
LogDevObjectVersion:   Dev-Rendering (12F88B9F-8875-4AFC-A67C-D90C383ABD29): 19
LogDevObjectVersion:   Dev-Sequencer (7B5AE74C-D270-4C10-A958-57980B212A5A): 4
LogDevObjectVersion:   Dev-VR (D7296918-1DD6-4BDD-9DE2-64A83CC13884): 0
LogDevObjectVersion:   Dev-LoadTimes (C2A15278-BFE7-4AFE-6C17-90FF531DF755): 1
LogDevObjectVersion:   Private-Geometry (6EACA3D4-40EC-4CC1-B786-8BED09428FC5): 1
LogDevObjectVersion:   Dev-AnimPhys (29E575DD-E0A3-4627-9D10-D276232CDCEA): 7
LogInit: Compiled (64-bit): Sep 22 2017 13:47:16
LogInit: Compiled with Visual C++: 19.00.24215.01
LogInit: Build Configuration: Development
LogInit: Branch Name: ++UE4+Release-4.17
LogInit: Command line: -EpicPortal 
LogInit: Base directory: D:/UE_4.17/Engine/Binaries/Win64/
LogInit: Installed Engine Build: 1
LogInit: Presizing for max 8388607 objects, including 0 objects not considered by GC, pre-allocating 0 bytes for permanent pool.
LogInit: Object subsystem initialized
[2017.11.15-00.20.58:015][  0]LogInit: Selected Device Profile: [Windows]
[2017.11.15-00.20.58:015][  0]LogInit: Applying CVar settings loaded from the selected device profile: [Windows]
[2017.11.15-00.20.58:027][  0]LogInit: Computer: DESKTOP-KINSOES
[2017.11.15-00.20.58:027][  0]LogInit: User: ripple19
[2017.11.15-00.20.58:027][  0]LogInit: CPU Page size=4096, Cores=4
[2017.11.15-00.20.58:027][  0]LogInit: High frequency timer resolution =3.703128 MHz
[2017.11.15-00.20.58:027][  0]LogMemory: Memory total: Physical=16.0GB (16GB approx)
[2017.11.15-00.20.58:027][  0]LogMemory: Platform Memory Stats for Windows
[2017.11.15-00.20.58:027][  0]LogMemory: Process Physical Memory: 278.80 MB used, 278.80 MB peak
[2017.11.15-00.20.58:027][  0]LogMemory: Process Virtual Memory: 282.11 MB used, 282.11 MB peak
[2017.11.15-00.20.58:027][  0]LogMemory: Physical Memory: 4942.70 MB used,  11402.77 MB free, 16345.47 MB total
[2017.11.15-00.20.58:027][  0]LogMemory: Virtual Memory: 675.91 MB used,  11402.77 MB free, 134217728.00 MB total
[2017.11.15-00.20.58:112][  0]LogInit: Using OS detected language (en-US).
[2017.11.15-00.20.58:112][  0]LogInit: Using OS detected locale (en-US).
[2017.11.15-00.20.58:114][  0]LogTextLocalizationManager: No specific localization for 'en-US' exists, so the 'en' localization will be used.
[2017.11.15-00.20.58:596][  0]LogD3D11RHI: D3D11 adapters:
[2017.11.15-00.20.58:635][  0]LogD3D11RHI:    0. 'NVIDIA GeForce GTX 1080' (Feature Level 11_0)
[2017.11.15-00.20.58:635][  0]LogD3D11RHI:       8110/0/8172 MB DedicatedVideo/DedicatedSystem/SharedSystem, Outputs:1, VendorId:0x10de
[2017.11.15-00.20.58:636][  0]LogD3D11RHI:    1. 'Microsoft Basic Render Driver' (Feature Level 11_0)
[2017.11.15-00.20.58:636][  0]LogD3D11RHI:       0/0/8172 MB DedicatedVideo/DedicatedSystem/SharedSystem, Outputs:0, VendorId:0x1414
[2017.11.15-00.20.58:636][  0]LogD3D11RHI: Chosen D3D11 Adapter: 0
[2017.11.15-00.20.58:639][  0]LogD3D11RHI: Creating new Direct3DDevice
[2017.11.15-00.20.58:640][  0]LogD3D11RHI:     GPU DeviceId: 0x1b80 (for the marketing name, search the web for "GPU Device Id")
[2017.11.15-00.20.58:640][  0]LogWindows: EnumDisplayDevices:
[2017.11.15-00.20.58:640][  0]LogWindows:    0. 'NVIDIA GeForce GTX 1080' (P:1 D:1)
[2017.11.15-00.20.58:640][  0]LogWindows:    1. 'NVIDIA GeForce GTX 1080' (P:0 D:0)
[2017.11.15-00.20.58:640][  0]LogWindows:    2. 'NVIDIA GeForce GTX 1080' (P:0 D:0)
[2017.11.15-00.20.58:640][  0]LogWindows:    3. 'NVIDIA GeForce GTX 1080' (P:0 D:0)
[2017.11.15-00.20.58:640][  0]LogWindows: DebugString: FoundDriverCount:4 
[2017.11.15-00.20.58:640][  0]LogD3D11RHI:     Adapter Name: NVIDIA GeForce GTX 1080
[2017.11.15-00.20.58:640][  0]LogD3D11RHI:   Driver Version: 382.05 (internal:22.21.13.8205, unified:382.05)
[2017.11.15-00.20.58:640][  0]LogD3D11RHI:      Driver Date: 5-1-2017
[2017.11.15-00.20.58:640][  0]LogRHI: Texture pool is 1361 MB (70% of 1945 MB)
[2017.11.15-00.20.58:665][  0]LogD3D11RHI: Async texture creation enabled
[2017.11.15-00.20.58:675][  0]LogD3D11RHI: GPU Timing Frequency: 1000.000000 (Debug: 2 1)
[2017.11.15-00.20.58:676][  0]LogShaderCompilers: Guid format shader working directory is -1 characters bigger than the processId version (../../../../Unreal Projects/Runner3D/EndlessRunner/Intermediate/Shaders/WorkingDirectory/2576/).
[2017.11.15-00.20.58:676][  0]LogShaderCompilers: Cleaned the shader compiler working directory 'C:/Users/ripple19/AppData/Local/Temp/UnrealShaderWorkingDir/783C8D154916835E75329EAE41CCB95D/'.
[2017.11.15-00.20.58:676][  0]LogShaderCompilers: Display: Using Local Shader Compiler.
[2017.11.15-00.20.59:320][  0]LogTemp: Display: Loaded TP AllDesktopTargetPlatform
[2017.11.15-00.20.59:348][  0]LogTemp: Display: Loaded TP MacClientTargetPlatform
[2017.11.15-00.20.59:375][  0]LogTemp: Display: Loaded TP MacNoEditorTargetPlatform
[2017.11.15-00.20.59:402][  0]LogTemp: Display: Loaded TP MacServerTargetPlatform
[2017.11.15-00.20.59:429][  0]LogTemp: Display: Loaded TP MacTargetPlatform
[2017.11.15-00.20.59:457][  0]LogTemp: Display: Loaded TP WindowsClientTargetPlatform
[2017.11.15-00.20.59:486][  0]LogTemp: Display: Loaded TP WindowsNoEditorTargetPlatform
[2017.11.15-00.20.59:514][  0]LogTemp: Display: Loaded TP WindowsServerTargetPlatform
[2017.11.15-00.20.59:536][  0]LogTemp: Display: Loaded TP WindowsTargetPlatform
[2017.11.15-00.20.59:563][  0]LogTemp: Display: Loaded TP AndroidTargetPlatform
[2017.11.15-00.20.59:590][  0]LogTemp: Display: Loaded TP Android_ASTCTargetPlatform
[2017.11.15-00.20.59:618][  0]LogTemp: Display: Loaded TP Android_ATCTargetPlatform
[2017.11.15-00.20.59:644][  0]LogTemp: Display: Loaded TP Android_DXTTargetPlatform
[2017.11.15-00.20.59:671][  0]LogTemp: Display: Loaded TP Android_ETC1TargetPlatform
[2017.11.15-00.20.59:698][  0]LogTemp: Display: Loaded TP Android_ETC2TargetPlatform
[2017.11.15-00.20.59:752][  0]LogTemp: Display: Loaded TP Android_MultiTargetPlatform
[2017.11.15-00.20.59:752][  0]LogTemp: Display: Loaded TP Android_PVRTCTargetPlatform
[2017.11.15-00.20.59:770][  0]LogTemp: Display: Loaded TP HTML5TargetPlatform
[2017.11.15-00.20.59:830][  0]LogTemp: Display: Loaded TP IOSTargetPlatform
[2017.11.15-00.20.59:848][  0]LogTemp: Display: Loaded TP TVOSTargetPlatform
[2017.11.15-00.20.59:875][  0]LogTemp: Display: Loaded TP LinuxClientTargetPlatform
[2017.11.15-00.20.59:902][  0]LogTemp: Display: Loaded TP LinuxNoEditorTargetPlatform
[2017.11.15-00.20.59:928][  0]LogTemp: Display: Loaded TP LinuxServerTargetPlatform
[2017.11.15-00.20.59:955][  0]LogTemp: Display: Loaded TP LinuxTargetPlatform
[2017.11.15-00.20.59:955][  0]LogTargetPlatformManager: Display: Building Assets For Windows
[2017.11.15-00.21.00:185][  0]LogDerivedDataCache: Display: Max Cache Size: 512 MB
[2017.11.15-00.21.00:261][  0]LogDerivedDataCache: Loaded boot cache 0.08s 93MB C:/Users/ripple19/AppData/Local/UnrealEngine/4.17/DerivedDataCache/Boot.ddc.
[2017.11.15-00.21.00:261][  0]LogDerivedDataCache: Display: Loaded Boot cache: C:/Users/ripple19/AppData/Local/UnrealEngine/4.17/DerivedDataCache/Boot.ddc
[2017.11.15-00.21.00:261][  0]LogDerivedDataCache: FDerivedDataBackendGraph:  Pak pak cache file ../../../../Unreal Projects/Runner3D/EndlessRunner/DerivedDataCache/DDC.ddp not found, will not use a pak cache.
[2017.11.15-00.21.00:261][  0]LogDerivedDataCache: Unable to find inner node Pak for hierarchical cache Hierarchy.
[2017.11.15-00.21.00:261][  0]LogDerivedDataCache: FDerivedDataBackendGraph:  CompressedPak pak cache file ../../../../Unreal Projects/Runner3D/EndlessRunner/DerivedDataCache/Compressed.ddp not found, will not use a pak cache.
[2017.11.15-00.21.00:261][  0]LogDerivedDataCache: Unable to find inner node CompressedPak for hierarchical cache Hierarchy.
[2017.11.15-00.21.00:273][  0]LogDerivedDataCache: Display: Pak cache opened for reading ../../../Engine/DerivedDataCache/Compressed.ddp.
[2017.11.15-00.21.00:285][  0]LogDerivedDataCache: Using Local data cache path C:/Users/ripple19/AppData/Local/UnrealEngine/Common/DerivedDataCache: Writable
[2017.11.15-00.21.00:293][  0]LogMaterial: Verifying Global Shaders for PCD3D_SM5
[2017.11.15-00.21.00:293][  0]LogSlate: Using Freetype 2.6.0
[2017.11.15-00.21.00:293][  0]LogSlate: SlateFontCache - WITH_FREETYPE: 1, WITH_HARFBUZZ: 1
[2017.11.15-00.21.00:293][  0]LogSlate: SlateFontCache - WITH_FREETYPE: 1, WITH_HARFBUZZ: 1
[2017.11.15-00.21.00:499][  0]LogAssetRegistry: FAssetRegistry took 0.0247 seconds to start up
[2017.11.15-00.21.00:582][  0]LogInit: Selected Device Profile: [Windows]
[2017.11.15-00.21.00:678][  0]LogContentStreaming: Texture pool size is 0.00 MB
[2017.11.15-00.21.00:852][  0]LogSimplygon: Simplygon DLL not present - disabling.
[2017.11.15-00.21.00:873][  0]LogMeshReduction: Using SimplygonSwarm for distributed automatic mesh merging
[2017.11.15-00.21.00:873][  0]LogMeshReduction: Using QuadricMeshReduction for automatic static mesh reduction
[2017.11.15-00.21.00:873][  0]LogMeshReduction: No automatic skeletal mesh reduction module available
[2017.11.15-00.21.00:873][  0]LogMeshReduction: No automatic mesh merging module available
[2017.11.15-00.21.00:873][  0]LogMeshMerging: No automatic mesh merging module available
[2017.11.15-00.21.01:134][  0]LogNetVersion: EndlessRunner , NetCL: 3573198, EngineNetVer: 2, GameNetVer: 0 (Checksum: 4257649686)
[2017.11.15-00.21.01:289][  0]LogPackageLocalizationCache: Processed 5 localized package path(s) for 2 prioritized culture(s) in 0.035475 seconds
[2017.11.15-00.21.01:294][  0]LogUObjectArray: 35825 objects as part of root set at end of initial load.
[2017.11.15-00.21.01:294][  0]LogUObjectAllocator: 7529112 out of 0 bytes used by permanent object pool.
[2017.11.15-00.21.01:294][  0]LogUObjectArray: CloseDisregardForGC: 0/0 objects in disregard for GC pool
[2017.11.15-00.21.01:323][  0]LogInit: WinSock: version 1.1 (2.2), MaxSocks=32767, MaxUdp=65467
[2017.11.15-00.21.02:902][  0]LogTcpMessaging: Initializing TcpMessaging bridge
[2017.11.15-00.21.02:926][  0]LogUdpMessaging: Initializing bridge on interface 0.0.0.0:0 to multicast group 230.0.0.1:6666.
[2017.11.15-00.21.03:267][  0]LogMaterial: Uniform references updated for custom material expression Custom.
[2017.11.15-00.21.03:489][  0]SourceControl: Source control is disabled
[2017.11.15-00.21.04:064][  0]LogAndroidPermission: UAndroidPermissionCallbackProxy::GetInstance
[2017.11.15-00.21.04:187][  0]LogOcInput: OculusInput pre-init called
[2017.11.15-00.21.04:325][  0]LogEngine: Initializing Engine...
[2017.11.15-00.21.04:326][  0]LogHMD: Failed to initialize OpenVR with code 110
[2017.11.15-00.21.04:502][  0]LogStats: UGameplayTagsManager::ConstructGameplayTagTree: Construct from data asset -  0.000 s
[2017.11.15-00.21.04:502][  0]LogStats: UGameplayTagsManager::ConstructGameplayTagTree: GameplayTagTreeChangedEvent.Broadcast -  0.000 s
[2017.11.15-00.21.04:566][  0]LogAIModule: Creating AISystem for world Untitled
[2017.11.15-00.21.04:574][  0]LogInit: XAudio2 using 'Speakers (USB Audio Device)' : 2 channels at 48 kHz using 16 bits per sample (channel mask 0x3)
[2017.11.15-00.21.04:588][  0]LogInit: FAudioDevice initialized.
[2017.11.15-00.21.04:664][  0]LogDerivedDataCache: Saved boot cache 0.08s 93MB C:/Users/ripple19/AppData/Local/UnrealEngine/4.17/DerivedDataCache/Boot.ddc.
[2017.11.15-00.21.04:676][  0]LogInit: Texture streaming: Enabled
[2017.11.15-00.21.04:731][  0]LogEngineSessionManager: EngineSessionManager initialized
[2017.11.15-00.21.04:836][  0]LogInit: Transaction tracking system initialized
[2017.11.15-00.21.04:980][  0]BlueprintLog: New page: Editor Load
[2017.11.15-00.21.05:402][  0]LocalizationService: Localization service is disabled
[2017.11.15-00.21.05:736][  0]LogConsoleResponse: Display: 
[2017.11.15-00.21.05:860][  0]LogCook: Display: Max memory allowance for cook 16384mb min free memory 0mb
[2017.11.15-00.21.05:860][  0]LogCook: Display: Mobile HDR setting 1
[2017.11.15-00.21.05:860][  0]LogGameplayTags: Display: UGameplayTagsManager::DoneAddingNativeTags. DelegateIsBound: 0
[2017.11.15-00.21.06:370][  0]LogFileCache: Scanning file cache for directory 'D:/Unreal Projects/Runner3D/EndlessRunner/Content/' took 0.01s
[2017.11.15-00.21.06:468][  0]LogSlate: Took 0.000137 seconds to synchronously load lazily loaded font '../../../Engine/Content/Slate/Fonts/Roboto-Regular.ttf' (155K)
[2017.11.15-00.21.20:266][  0]LogWindowsTextInputMethodSystem: Display: IME system now deactivated.
[2017.11.15-00.21.20:281][  0]LogWindowsTextInputMethodSystem: Display: IME system now deactivated.
[2017.11.15-00.21.20:319][  0]LogWindowsTextInputMethodSystem: Display: IME system now deactivated.
[2017.11.15-00.21.20:352][  0]LogWindowsTextInputMethodSystem: Display: IME system now deactivated.
[2017.11.15-00.21.20:354][  0]Cmd: MAP LOAD FILE="../../../../Unreal Projects/Runner3D/EndlessRunner/Content/Maps/MainMenuLevel.umap" TEMPLATE=0 SHOWPROGRESS=1 FEATURELEVEL=3
[2017.11.15-00.21.20:354][  0]LightingResults: New page: Lighting Build
[2017.11.15-00.21.20:375][  0]MapCheck: New page: Map Check
[2017.11.15-00.21.20:375][  0]LightingResults: New page: Lighting Build
[2017.11.15-00.21.20:674][  0]LogAIModule: Creating AISystem for world MainMenuLevel
[2017.11.15-00.21.20:678][  0]LogEditorServer: Finished looking for orphan Actors (0.000 secs)
[2017.11.15-00.21.20:688][  0]Cmd: MAP CHECKDEP NOCLEARLOG
[2017.11.15-00.21.20:722][  0]MapCheck: Map check complete: 0 Error(s), 0 Warning(s), took 33.074ms to complete.
[2017.11.15-00.21.20:722][  0]LogFileHelpers: Loading map 'MainMenuLevel' took 0.368
[2017.11.15-00.21.20:805][  0]LogStats: Warning: MetaData mismatch. Did you assign a stat to two groups? New //STATGROUP_Threads//SplashScreenThread///Thread_b94_0///####STATCAT_Advanced#### old //STATGROUP_Threads//SplashScreenThread///Thread_1cf8_0///####STATCAT_Advanced####
[2017.11.15-00.21.20:805][  0]LogCollectionManager: Loaded 0 collections in 0.000693 seconds
[2017.11.15-00.21.20:864][  0]LogFileCache: Scanning file cache for directory 'D:/Unreal Projects/Runner3D/EndlessRunner/Saved/Collections/' took 0.01s
[2017.11.15-00.21.20:864][  0]LogFileCache: Scanning file cache for directory 'D:/Unreal Projects/Runner3D/EndlessRunner/Content/Developers/ripple19/Collections/' took 0.01s
[2017.11.15-00.21.20:864][  0]LogFileCache: Scanning file cache for directory 'D:/Unreal Projects/Runner3D/EndlessRunner/Content/Collections/' took 0.01s
[2017.11.15-00.21.20:864][  0]LogCollectionManager: Rebuilt the GUID cache for 0 collections in 0.000001 seconds
[2017.11.15-00.21.20:872][  0]LogContentBrowser: Native class hierarchy populated in 0.0071 seconds. Added 2386 classes and 500 folders.
[2017.11.15-00.21.20:906][  0]LogContentBrowser: Native class hierarchy updated for 'WidgetCarousel' in 0.0005 seconds. Added 0 classes and 0 folders.
[2017.11.15-00.21.21:148][  0]LogContentBrowser: Native class hierarchy updated for 'AddContentDialog' in 0.0005 seconds. Added 0 classes and 0 folders.
[2017.11.15-00.21.21:169][  0]LogContentBrowser: Native class hierarchy updated for 'SceneOutliner' in 0.0005 seconds. Added 1 classes and 2 folders.
[2017.11.15-00.21.21:187][  0]LogSlate: Took 0.000125 seconds to synchronously load lazily loaded font '../../../Engine/Content/Slate/Fonts/Roboto-Bold.ttf' (160K)
[2017.11.15-00.21.21:193][  0]LogSlate: Took 0.003288 seconds to synchronously load lazily loaded font '../../../Engine/Content/Editor/Slate/Fonts/FontAwesome.ttf' (139K)
[2017.11.15-00.21.21:293][  0]LogRenderer: Reallocating scene render targets to support 1176x504 Format 10 NumSamples 1 (Frame:1).
[2017.11.15-00.21.21:417][  0]LogContentBrowser: Native class hierarchy updated for 'HierarchicalLODOutliner' in 0.0005 seconds. Added 1 classes and 2 folders.
[2017.11.15-00.21.21:417][  0]LogLoad: (Engine Initialization) Total time: 24.52 seconds
[2017.11.15-00.21.21:417][  0]LogLoad: (Engine Initialization) Total Blueprint compile time: 0.00 seconds
[2017.11.15-00.21.21:417][  0]LogExternalProfiler: No external profilers were discovered.  External profiling features will not be available.
[2017.11.15-00.21.21:457][  0]LogAssetRegistry: Asset discovery search completed in 20.9802 seconds
[2017.11.15-00.21.21:459][  0]LogCollectionManager: Rebuilt the object cache for 0 collections in 0.000000 seconds (found 0 objects)
[2017.11.15-00.21.21:459][  0]LogCollectionManager: Fixed up redirectors for 0 collections in 0.000067 seconds (updated 0 objects)
[2017.11.15-00.21.21:465][  0]SourceControl: On branch master
[2017.11.15-00.21.21:465][  0]SourceControl: Your branch is up-to-date with 'origin/master'.
[2017.11.15-00.21.21:465][  0]SourceControl: Changes not staged for commit:
[2017.11.15-00.21.21:465][  0]SourceControl:   (use "git add/rm <file>..." to update what will be committed)
[2017.11.15-00.21.21:465][  0]SourceControl:   (use "git checkout -- <file>..." to discard changes in working directory)
[2017.11.15-00.21.21:465][  0]SourceControl: 	modified:   EndlessRunner/Content/Maps/MainMenuLevel.umap
[2017.11.15-00.21.21:465][  0]SourceControl: 	modified:   EndlessRunner/Content/Maps/MainMenuLevel_BuiltData.uasset
[2017.11.15-00.21.21:465][  0]SourceControl: 	modified:   EndlessRunner/Content/ThirdPerson/Materials/YellowLines.uasset
[2017.11.15-00.21.21:465][  0]SourceControl: 	modified:   EndlessRunner/Content/ThirdPersonBP/Blueprints/BP_FloorTileDeathLight.uasset
[2017.11.15-00.21.21:465][  0]SourceControl: 	modified:   EndlessRunner/Content/ThirdPersonBP/Blueprints/BP_FloorTileFancy.uasset
[2017.11.15-00.21.21:465][  0]SourceControl: 	modified:   EndlessRunner/Content/ThirdPersonBP/Blueprints/BP_FloorTileMines.uasset
[2017.11.15-00.21.21:465][  0]SourceControl: 	modified:   EndlessRunner/Content/ThirdPersonBP/Blueprints/BP_FloorTileTest.uasset
[2017.11.15-00.21.21:465][  0]SourceControl: 	modified:   EndlessRunner/Content/ThirdPersonBP/Blueprints/BP_FloorTileThreadNeedle.uasset
[2017.11.15-00.21.21:465][  0]SourceControl: 	modified:   EndlessRunner/Content/ThirdPersonBP/Blueprints/Spinner.uasset
[2017.11.15-00.21.21:465][  0]SourceControl: 	modified:   EndlessRunner/Content/ThirdPersonBP/Blueprints/UI/RunHUD.uasset
[2017.11.15-00.21.21:465][  0]SourceControl: 	modified:   EndlessRunner/Content/ThirdPersonBP/Blueprints/corners_tile.uasset
[2017.11.15-00.21.21:465][  0]SourceControl: 	modified:   EndlessRunner/Content/ThirdPersonBP/Blueprints/spinners_tile.uasset
[2017.11.15-00.21.21:465][  0]SourceControl: 	modified:   EndlessRunner/Content/ThirdPersonBP/Blueprints/windmills_tile.uasset
[2017.11.15-00.21.21:465][  0]SourceControl: 	modified:   EndlessRunner/Intermediate/AssetRegistryCache/311563bb.bin
[2017.11.15-00.21.21:465][  0]SourceControl: 	modified:   EndlessRunner/Intermediate/AssetRegistryCache/c90e3f55.bin
[2017.11.15-00.21.21:465][  0]SourceControl: 	modified:   EndlessRunner/Intermediate/CachedAssetRegistry.bin
[2017.11.15-00.21.21:465][  0]SourceControl: 	modified:   EndlessRunner/Saved/Autosaves/Game/Maps/UEDPCMainMenuLevel.umap
[2017.11.15-00.21.21:465][  0]SourceControl: 	modified:   EndlessRunner/Saved/Autosaves/Game/ThirdPersonBP/Blueprints/BP_FloorTileDeathLight_Auto1.uasset
[2017.11.15-00.21.21:465][  0]SourceControl: 	modified:   EndlessRunner/Saved/Autosaves/Game/ThirdPersonBP/Blueprints/BP_FloorTileFancy_Auto1.uasset
[2017.11.15-00.21.21:465][  0]SourceControl: 	modified:   EndlessRunner/Saved/Autosaves/Game/ThirdPersonBP/Blueprints/BP_FloorTileMines_Auto1.uasset
[2017.11.15-00.21.21:465][  0]SourceControl: 	modified:   EndlessRunner/Saved/Autosaves/Game/ThirdPersonBP/Blueprints/BP_FloorTileTest_Auto1.uasset
[2017.11.15-00.21.21:465][  0]SourceControl: 	modified:   EndlessRunner/Saved/Autosaves/Game/ThirdPersonBP/Blueprints/BP_FloorTileThreadNeedle_Auto1.uasset
[2017.11.15-00.21.21:465][  0]SourceControl: 	modified:   EndlessRunner/Saved/Autosaves/Game/ThirdPersonBP/Blueprints/corners_tile_Auto1.uasset
[2017.11.15-00.21.21:465][  0]SourceControl: 	modified:   EndlessRunner/Saved/Autosaves/Game/ThirdPersonBP/Blueprints/spinners_tile_Auto1.uasset
[2017.11.15-00.21.21:465][  0]SourceControl: 	modified:   EndlessRunner/Saved/Autosaves/Game/ThirdPersonBP/Blueprints/windmills_tile_Auto1.uasset
[2017.11.15-00.21.21:465][  0]SourceControl: 	modified:   EndlessRunner/Saved/Config/Windows/Editor.ini
[2017.11.15-00.21.21:465][  0]SourceControl: 	modified:   EndlessRunner/Saved/Config/Windows/EditorPerProjectUserSettings.ini
[2017.11.15-00.21.21:465][  0]SourceControl: 	modified:   EndlessRunner/Saved/Config/Windows/Engine.ini
[2017.11.15-00.21.21:465][  0]SourceControl: 	deleted:    EndlessRunner/Saved/Logs/EndlessRunner-backup-2017.11.13-14.07.29.log
[2017.11.15-00.21.21:465][  0]SourceControl: 	deleted:    EndlessRunner/Saved/Logs/EndlessRunner-backup-2017.11.13-14.49.04.log
[2017.11.15-00.21.21:465][  0]SourceControl: 	modified:   EndlessRunner/Saved/Logs/EndlessRunner.log
[2017.11.15-00.21.21:465][  0]SourceControl: 	deleted:    EndlessRunner/Saved/Logs/EndlessRunner_2-backup-2017.11.13-11.55.45.log
[2017.11.15-00.21.21:465][  0]SourceControl: 	deleted:    EndlessRunner/Saved/Logs/EndlessRunner_2-backup-2017.11.13-12.00.03.log
[2017.11.15-00.21.21:465][  0]SourceControl: 	deleted:    EndlessRunner/Saved/Logs/EndlessRunner_2-backup-2017.11.13-12.01.52.log
[2017.11.15-00.21.21:465][  0]SourceControl: 	deleted:    EndlessRunner/Saved/Logs/EndlessRunner_2-backup-2017.11.13-12.04.50.log
[2017.11.15-00.21.21:465][  0]SourceControl: 	modified:   EndlessRunner/Saved/Logs/EndlessRunner_2.log
[2017.11.15-00.21.21:465][  0]SourceControl: Untracked files:
[2017.11.15-00.21.21:465][  0]SourceControl:   (use "git add <file>..." to include in what will be committed)
[2017.11.15-00.21.21:465][  0]SourceControl: 	EndlessRunner/Saved/Backup/BP_FloorTileDeathLight_2017-11-14-15-58-18.uasset
[2017.11.15-00.21.21:465][  0]SourceControl: 	EndlessRunner/Saved/Backup/BP_FloorTileFancy_2017-11-14-15-58-18.uasset
[2017.11.15-00.21.21:465][  0]SourceControl: 	EndlessRunner/Saved/Backup/BP_FloorTileMines_2017-11-14-15-58-18.uasset
[2017.11.15-00.21.21:465][  0]SourceControl: 	EndlessRunner/Saved/Backup/BP_FloorTileTest_2017-11-14-15-58-19.uasset
[2017.11.15-00.21.21:465][  0]SourceControl: 	EndlessRunner/Saved/Backup/BP_FloorTileThreadNeedle_2017-11-14-15-58-19.uasset
[2017.11.15-00.21.21:465][  0]SourceControl: 	EndlessRunner/Saved/Backup/MainMenuLevel_2017-11-14-15-28-19.umap
[2017.11.15-00.21.21:465][  0]SourceControl: 	EndlessRunner/Saved/Backup/MainMenuLevel_2017-11-14-15-45-19.umap
[2017.11.15-00.21.21:465][  0]SourceControl: 	EndlessRunner/Saved/Backup/MainMenuLevel_2017-11-14-16-13-05.umap
[2017.11.15-00.21.21:465][  0]SourceControl: 	EndlessRunner/Saved/Backup/MainMenuLevel_BuiltData_2017-11-14-15-45-19.uasset
[2017.11.15-00.21.21:465][  0]SourceControl: 	EndlessRunner/Saved/Backup/MainMenuLevel_BuiltData_2017-11-14-16-13-05.uasset
[2017.11.15-00.21.21:465][  0]SourceControl: 	EndlessRunner/Saved/Backup/RunHUD_2017-11-14-15-40-35.uasset
[2017.11.15-00.21.21:465][  0]SourceControl: 	EndlessRunner/Saved/Backup/Spinner_2017-11-14-15-28-18.uasset
[2017.11.15-00.21.21:465][  0]SourceControl: 	EndlessRunner/Saved/Backup/YellowLines_2017-11-14-15-33-48.uasset
[2017.11.15-00.21.21:465][  0]SourceControl: 	EndlessRunner/Saved/Backup/corners_tile_2017-11-14-15-58-19.uasset
[2017.11.15-00.21.21:465][  0]SourceControl: 	EndlessRunner/Saved/Backup/spinners_tile_2017-11-14-15-58-19.uasset
[2017.11.15-00.21.21:465][  0]SourceControl: 	EndlessRunner/Saved/Backup/windmills_tile_2017-11-14-15-58-19.uasset
[2017.11.15-00.21.21:465][  0]SourceControl: 	EndlessRunner/Saved/Config/CrashReportClient/UE4CC-Windows-831339F84EF42AA26E880BA98F12251A/
[2017.11.15-00.21.21:465][  0]SourceControl: 	EndlessRunner/Saved/Config/CrashReportClient/UE4CC-Windows-8A676932445EA135D07934BA4D3C325B/
[2017.11.15-00.21.21:465][  0]SourceControl: 	EndlessRunner/Saved/Logs/EndlessRunner-backup-2017.11.14-15.24.24.log
[2017.11.15-00.21.21:465][  0]SourceControl: 	EndlessRunner/Saved/Logs/EndlessRunner-backup-2017.11.14-16.20.57.log
[2017.11.15-00.21.21:465][  0]SourceControl: 	EndlessRunner/Saved/Logs/EndlessRunner_2-backup-2017.11.14-15.24.45.log
[2017.11.15-00.21.21:465][  0]SourceControl: 	EndlessRunner/Saved/Logs/EndlessRunner_2-backup-2017.11.14-15.28.22.log
[2017.11.15-00.21.21:465][  0]SourceControl: 	EndlessRunner/Saved/Logs/EndlessRunner_2-backup-2017.11.14-15.31.14.log
[2017.11.15-00.21.21:466][  0]SourceControl: no changes added to commit (use "git add" and/or "git commit -a")
[2017.11.15-00.21.21:466][  0]LogContentStreaming: Texture pool size now 1000 MB
[2017.11.15-00.21.21:502][  0]LogSlate: Took 0.003202 seconds to synchronously load lazily loaded font '../../../Engine/Content/Slate/Fonts/Roboto-Light.ttf' (159K)
[2017.11.15-00.21.21:506][  1]LogFileCache: Retrieving MD5 hashes for directory 'D:/Unreal Projects/Runner3D/EndlessRunner/Content/' took 0.07s
[2017.11.15-00.21.27:687][628]LogSlate: Took 0.000105 seconds to synchronously load lazily loaded font '../../../Engine/Content/Slate/Fonts/Roboto-Light.ttf' (159K)
[2017.11.15-00.21.27:930][628]LogContentBrowser: Native class hierarchy updated for 'BlueprintGraph' in 0.0010 seconds. Added 113 classes and 0 folders.
[2017.11.15-00.21.28:442][628]LogSlate: Took 0.000101 seconds to synchronously load lazily loaded font '../../../Engine/Content/Slate/Fonts/Roboto-Regular.ttf' (155K)
[2017.11.15-00.21.28:505][628]LogSlate: Took 0.000153 seconds to synchronously load lazily loaded font '../../../Engine/Content/Editor/Slate/Fonts/Roboto-BoldCondensed.ttf' (158K)
[2017.11.15-00.21.28:574][629]LogSlate: Took 0.000165 seconds to synchronously load lazily loaded font '../../../Engine/Content/Editor/Slate/Fonts/Roboto-Italic.ttf' (157K)
[2017.11.15-00.22.46:675][866]LogTemp: Repeating last play command: Selected Viewport
[2017.11.15-00.22.46:724][866]LogBlueprintUserMessages: Early PlayInEditor Detection: Level '/Game/Maps/MainMenuLevel.MainMenuLevel:PersistentLevel' has LevelScriptBlueprint '/Game/Maps/MainMenuLevel.MainMenuLevel:PersistentLevel.MainMenuLevel' with GeneratedClass '/Game/Maps/MainMenuLevel.MainMenuLevel_C' with ClassGeneratedBy '/Game/Maps/MainMenuLevel.MainMenuLevel:PersistentLevel.MainMenuLevel'
[2017.11.15-00.22.46:724][866]LogPlayLevel: PlayLevel: No blueprints needed recompiling
[2017.11.15-00.22.46:725][866]PIE: New page: PIE session: MainMenuLevel (Nov 14, 2017, 8:22:46 AM)
[2017.11.15-00.22.46:725][866]LogPlayLevel: Creating play world package: /Game/Maps/UEDPIE_0_MainMenuLevel
[2017.11.15-00.22.46:727][866]LogPlayLevel: PIE: StaticDuplicateObject took: (0.001355s)
[2017.11.15-00.22.46:727][866]LogAIModule: Creating AISystem for world MainMenuLevel
[2017.11.15-00.22.46:728][866]LogPlayLevel: PIE: World Init took: (0.000792s)
[2017.11.15-00.22.46:728][866]LogPlayLevel: PIE: Created PIE world by copying editor world from /Game/Maps/MainMenuLevel.MainMenuLevel to /Game/Maps/UEDPIE_0_MainMenuLevel.MainMenuLevel (0.002508s)
[2017.11.15-00.22.46:764][866]LogInit: XAudio2 using 'Speakers (USB Audio Device)' : 2 channels at 48 kHz using 16 bits per sample (channel mask 0x3)
[2017.11.15-00.22.46:770][866]LogInit: FAudioDevice initialized.
[2017.11.15-00.22.46:809][866]LogLoad: Game class is 'RunGameMode_C'
[2017.11.15-00.22.46:811][866]LogWorld: Bringing World /Game/Maps/UEDPIE_0_MainMenuLevel.MainMenuLevel up for play (max tick rate 0) at 2017.11.14-16.22.46
[2017.11.15-00.22.46:811][866]LogWorld: Bringing up level for play took: 0.000799
[2017.11.15-00.22.46:831][866]LogContentBrowser: Native class hierarchy updated for 'MovieSceneCapture' in 0.0005 seconds. Added 11 classes and 0 folders.
[2017.11.15-00.22.46:836][866]PIE: Play in editor start time for /Game/Maps/UEDPIE_0_MainMenuLevel -0.628
[2017.11.15-00.22.46:836][866]LogBlueprintUserMessages: Late PlayInEditor Detection: Level '/Game/Maps/MainMenuLevel.MainMenuLevel:PersistentLevel' has LevelScriptBlueprint '/Game/Maps/MainMenuLevel.MainMenuLevel:PersistentLevel.MainMenuLevel' with GeneratedClass '/Game/Maps/MainMenuLevel.MainMenuLevel_C' with ClassGeneratedBy '/Game/Maps/MainMenuLevel.MainMenuLevel:PersistentLevel.MainMenuLevel'
[2017.11.15-00.22.53:724][687]LogNet: Browse: /Game/RunLevel
[2017.11.15-00.22.53:724][687]LogLoad: LoadMap: /Game/RunLevel
[2017.11.15-00.22.53:739][687]Cmd: MEM
[2017.11.15-00.22.53:755][687]LogMemory: Platform Memory Stats for Windows
[2017.11.15-00.22.53:755][687]LogMemory: Process Physical Memory: 1463.02 MB used, 1471.44 MB peak
[2017.11.15-00.22.53:755][687]LogMemory: Process Virtual Memory: 3282.39 MB used, 3901.14 MB peak
[2017.11.15-00.22.53:755][687]LogMemory: Physical Memory: 5263.43 MB used,  11082.04 MB free, 16345.47 MB total
[2017.11.15-00.22.53:755][687]LogMemory: Virtual Memory: 4402.82 MB used,  11082.04 MB free, 134217728.00 MB total
[2017.11.15-00.22.53:755][687]LogMemory: 
[2017.11.15-00.22.53:755][687]Allocator Stats for TBB: (not implemented)
[2017.11.15-00.22.54:610][687]LogAIModule: Creating AISystem for world RunLevel
[2017.11.15-00.22.54:611][687]LogLoad: Game class is 'RunGameMode_C'
[2017.11.15-00.22.54:612][687]LogWorld: Bringing World /Game/UEDPIE_0_RunLevel.RunLevel up for play (max tick rate 0) at 2017.11.14-16.22.54
[2017.11.15-00.22.54:612][687]LogWorld: Bringing up level for play took: 0.001112
[2017.11.15-00.22.54:636][687]LogLoad: Took 0.911366 seconds to LoadMap(/Game/RunLevel)
[2017.11.15-00.23.16:079][390]Cmd: RestartLevel
[2017.11.15-00.23.16:092][391]LogNet: Browse: /Game/RunLevel?restart
[2017.11.15-00.23.16:106][391]LogLoad: LoadMap: /Game/RunLevel
[2017.11.15-00.23.16:150][391]Cmd: MEM
[2017.11.15-00.23.16:163][391]LogMemory: Platform Memory Stats for Windows
[2017.11.15-00.23.16:163][391]LogMemory: Process Physical Memory: 2279.50 MB used, 2280.26 MB peak
[2017.11.15-00.23.16:163][391]LogMemory: Process Virtual Memory: 4002.28 MB used, 4102.51 MB peak
[2017.11.15-00.23.16:163][391]LogMemory: Physical Memory: 5977.11 MB used,  10368.36 MB free, 16345.47 MB total
[2017.11.15-00.23.16:163][391]LogMemory: Virtual Memory: 5127.88 MB used,  10368.36 MB free, 134217728.00 MB total
[2017.11.15-00.23.16:163][391]LogMemory: 
[2017.11.15-00.23.16:163][391]Allocator Stats for TBB: (not implemented)
[2017.11.15-00.23.16:398][391]LogAIModule: Creating AISystem for world RunLevel
[2017.11.15-00.23.16:398][391]LogLoad: Game class is 'RunGameMode_C'
[2017.11.15-00.23.16:400][391]LogWorld: Bringing World /Game/UEDPIE_0_RunLevel.RunLevel up for play (max tick rate 0) at 2017.11.14-16.23.16
[2017.11.15-00.23.16:400][391]LogWorld: Bringing up level for play took: 0.001349
[2017.11.15-00.23.16:424][391]LogLoad: Took 0.317911 seconds to LoadMap(/Game/RunLevel)
[2017.11.15-00.23.39:457][222]Cmd: RestartLevel
[2017.11.15-00.23.39:471][223]LogNet: Browse: /Game/RunLevel?restart
[2017.11.15-00.23.39:484][223]LogLoad: LoadMap: /Game/RunLevel
[2017.11.15-00.23.39:523][223]Cmd: MEM
[2017.11.15-00.23.39:536][223]LogMemory: Platform Memory Stats for Windows
[2017.11.15-00.23.39:536][223]LogMemory: Process Physical Memory: 2314.25 MB used, 2350.54 MB peak
[2017.11.15-00.23.39:536][223]LogMemory: Process Virtual Memory: 4060.11 MB used, 4143.20 MB peak
[2017.11.15-00.23.39:536][223]LogMemory: Physical Memory: 5987.50 MB used,  10357.97 MB free, 16345.47 MB total
[2017.11.15-00.23.39:536][223]LogMemory: Virtual Memory: 5164.81 MB used,  10357.97 MB free, 134217728.00 MB total
[2017.11.15-00.23.39:536][223]LogMemory: 
[2017.11.15-00.23.39:536][223]Allocator Stats for TBB: (not implemented)
[2017.11.15-00.23.39:772][223]LogAIModule: Creating AISystem for world RunLevel
[2017.11.15-00.23.39:772][223]LogLoad: Game class is 'RunGameMode_C'
[2017.11.15-00.23.39:774][223]LogWorld: Bringing World /Game/UEDPIE_0_RunLevel.RunLevel up for play (max tick rate 0) at 2017.11.14-16.23.39
[2017.11.15-00.23.39:774][223]LogWorld: Bringing up level for play took: 0.001167
[2017.11.15-00.23.39:797][223]LogLoad: Took 0.313796 seconds to LoadMap(/Game/RunLevel)
[2017.11.15-00.24.01:247][838]Cmd: RestartLevel
[2017.11.15-00.24.01:261][839]LogNet: Browse: /Game/RunLevel?restart
[2017.11.15-00.24.01:274][839]LogLoad: LoadMap: /Game/RunLevel
[2017.11.15-00.24.01:315][839]Cmd: MEM
[2017.11.15-00.24.01:330][839]LogMemory: Platform Memory Stats for Windows
[2017.11.15-00.24.01:330][839]LogMemory: Process Physical Memory: 2327.75 MB used, 2378.25 MB peak
[2017.11.15-00.24.01:330][839]LogMemory: Process Virtual Memory: 4079.10 MB used, 4183.68 MB peak
[2017.11.15-00.24.01:330][839]LogMemory: Physical Memory: 5996.70 MB used,  10348.77 MB free, 16345.47 MB total
[2017.11.15-00.24.01:330][839]LogMemory: Virtual Memory: 5197.06 MB used,  10348.77 MB free, 134217728.00 MB total
[2017.11.15-00.24.01:330][839]LogMemory: 
[2017.11.15-00.24.01:330][839]Allocator Stats for TBB: (not implemented)
[2017.11.15-00.24.01:565][839]LogAIModule: Creating AISystem for world RunLevel
[2017.11.15-00.24.01:565][839]LogLoad: Game class is 'RunGameMode_C'
[2017.11.15-00.24.01:567][839]LogWorld: Bringing World /Game/UEDPIE_0_RunLevel.RunLevel up for play (max tick rate 0) at 2017.11.14-16.24.01
[2017.11.15-00.24.01:567][839]LogWorld: Bringing up level for play took: 0.001211
[2017.11.15-00.24.01:592][839]LogLoad: Took 0.318168 seconds to LoadMap(/Game/RunLevel)
[2017.11.15-00.24.10:154][583]Cmd: RestartLevel
[2017.11.15-00.24.10:163][584]LogNet: Browse: /Game/RunLevel?restart
[2017.11.15-00.24.10:172][584]LogLoad: LoadMap: /Game/RunLevel
[2017.11.15-00.24.10:200][584]Cmd: MEM
[2017.11.15-00.24.10:213][584]LogMemory: Platform Memory Stats for Windows
[2017.11.15-00.24.10:213][584]LogMemory: Process Physical Memory: 2332.52 MB used, 2387.68 MB peak
[2017.11.15-00.24.10:213][584]LogMemory: Process Virtual Memory: 4079.82 MB used, 4188.24 MB peak
[2017.11.15-00.24.10:213][584]LogMemory: Physical Memory: 6005.20 MB used,  10340.27 MB free, 16345.47 MB total
[2017.11.15-00.24.10:213][584]LogMemory: Virtual Memory: 5225.88 MB used,  10340.27 MB free, 134217728.00 MB total
[2017.11.15-00.24.10:213][584]LogMemory: 
[2017.11.15-00.24.10:213][584]Allocator Stats for TBB: (not implemented)
[2017.11.15-00.24.10:446][584]LogAIModule: Creating AISystem for world RunLevel
[2017.11.15-00.24.10:446][584]LogLoad: Game class is 'RunGameMode_C'
[2017.11.15-00.24.10:447][584]LogWorld: Bringing World /Game/UEDPIE_0_RunLevel.RunLevel up for play (max tick rate 0) at 2017.11.14-16.24.10
[2017.11.15-00.24.10:448][584]LogWorld: Bringing up level for play took: 0.001373
[2017.11.15-00.24.10:473][584]LogLoad: Took 0.300662 seconds to LoadMap(/Game/RunLevel)
[2017.11.15-00.24.17:494][190]Cmd: RestartLevel
[2017.11.15-00.24.17:506][191]LogNet: Browse: /Game/RunLevel?restart
[2017.11.15-00.24.17:517][191]LogLoad: LoadMap: /Game/RunLevel
[2017.11.15-00.24.17:542][191]Cmd: MEM
[2017.11.15-00.24.17:555][191]LogMemory: Platform Memory Stats for Windows
[2017.11.15-00.24.17:555][191]LogMemory: Process Physical Memory: 2351.63 MB used, 2387.68 MB peak
[2017.11.15-00.24.17:555][191]LogMemory: Process Virtual Memory: 4115.39 MB used, 4189.66 MB peak
[2017.11.15-00.24.17:555][191]LogMemory: Physical Memory: 6042.86 MB used,  10302.61 MB free, 16345.47 MB total
[2017.11.15-00.24.17:555][191]LogMemory: Virtual Memory: 5220.19 MB used,  10302.61 MB free, 134217728.00 MB total
[2017.11.15-00.24.17:555][191]LogMemory: 
[2017.11.15-00.24.17:555][191]Allocator Stats for TBB: (not implemented)
[2017.11.15-00.24.17:781][191]LogAIModule: Creating AISystem for world RunLevel
[2017.11.15-00.24.17:781][191]LogLoad: Game class is 'RunGameMode_C'
[2017.11.15-00.24.17:783][191]LogWorld: Bringing World /Game/UEDPIE_0_RunLevel.RunLevel up for play (max tick rate 0) at 2017.11.14-16.24.17
[2017.11.15-00.24.17:783][191]LogWorld: Bringing up level for play took: 0.001232
[2017.11.15-00.24.17:809][191]LogLoad: Took 0.292000 seconds to LoadMap(/Game/RunLevel)
[2017.11.15-00.24.47:384][321]Cmd: RestartLevel
[2017.11.15-00.24.47:395][322]LogNet: Browse: /Game/RunLevel?restart
[2017.11.15-00.24.47:408][322]LogLoad: LoadMap: /Game/RunLevel
[2017.11.15-00.24.47:454][322]Cmd: MEM
[2017.11.15-00.24.47:466][322]LogMemory: Platform Memory Stats for Windows
[2017.11.15-00.24.47:466][322]LogMemory: Process Physical Memory: 2363.11 MB used, 2405.55 MB peak
[2017.11.15-00.24.47:466][322]LogMemory: Process Virtual Memory: 4109.13 MB used, 4209.20 MB peak
[2017.11.15-00.24.47:466][322]LogMemory: Physical Memory: 6038.84 MB used,  10306.63 MB free, 16345.47 MB total
[2017.11.15-00.24.47:466][322]LogMemory: Virtual Memory: 5257.75 MB used,  10306.63 MB free, 134217728.00 MB total
[2017.11.15-00.24.47:466][322]LogMemory: 
[2017.11.15-00.24.47:466][322]Allocator Stats for TBB: (not implemented)
[2017.11.15-00.24.47:696][322]LogAIModule: Creating AISystem for world RunLevel
[2017.11.15-00.24.47:696][322]LogLoad: Game class is 'RunGameMode_C'
[2017.11.15-00.24.47:698][322]LogWorld: Bringing World /Game/UEDPIE_0_RunLevel.RunLevel up for play (max tick rate 0) at 2017.11.14-16.24.47
[2017.11.15-00.24.47:698][322]LogWorld: Bringing up level for play took: 0.001207
[2017.11.15-00.24.47:723][322]LogLoad: Took 0.315942 seconds to LoadMap(/Game/RunLevel)
[2017.11.15-00.25.18:682][494]Cmd: RestartLevel
[2017.11.15-00.25.18:696][495]LogNet: Browse: /Game/RunLevel?restart
[2017.11.15-00.25.18:708][495]LogLoad: LoadMap: /Game/RunLevel
[2017.11.15-00.25.18:758][495]Cmd: MEM
[2017.11.15-00.25.18:771][495]LogMemory: Platform Memory Stats for Windows
[2017.11.15-00.25.18:771][495]LogMemory: Process Physical Memory: 2342.66 MB used, 2405.55 MB peak
[2017.11.15-00.25.18:771][495]LogMemory: Process Virtual Memory: 4094.66 MB used, 4210.65 MB peak
[2017.11.15-00.25.18:771][495]LogMemory: Physical Memory: 6018.38 MB used,  10327.09 MB free, 16345.47 MB total
[2017.11.15-00.25.18:771][495]LogMemory: Virtual Memory: 5260.19 MB used,  10327.09 MB free, 134217728.00 MB total
[2017.11.15-00.25.18:771][495]LogMemory: 
[2017.11.15-00.25.18:771][495]Allocator Stats for TBB: (not implemented)
[2017.11.15-00.25.19:005][495]LogAIModule: Creating AISystem for world RunLevel
[2017.11.15-00.25.19:005][495]LogLoad: Game class is 'RunGameMode_C'
[2017.11.15-00.25.19:007][495]LogWorld: Bringing World /Game/UEDPIE_0_RunLevel.RunLevel up for play (max tick rate 0) at 2017.11.14-16.25.19
[2017.11.15-00.25.19:007][495]LogWorld: Bringing up level for play took: 0.001366
[2017.11.15-00.25.19:033][495]LogLoad: Took 0.324338 seconds to LoadMap(/Game/RunLevel)
[2017.11.15-00.25.20:795][662]LogBlueprintUserMessages: Early EndPlayMap Detection: Level '/Game/Maps/MainMenuLevel.MainMenuLevel:PersistentLevel' has LevelScriptBlueprint '/Game/Maps/MainMenuLevel.MainMenuLevel:PersistentLevel.MainMenuLevel' with GeneratedClass '/Game/Maps/MainMenuLevel.MainMenuLevel_C' with ClassGeneratedBy '/Game/Maps/MainMenuLevel.MainMenuLevel:PersistentLevel.MainMenuLevel'
[2017.11.15-00.25.20:843][662]LogBlueprintUserMessages: Late EndPlayMap Detection: Level '/Game/Maps/MainMenuLevel.MainMenuLevel:PersistentLevel' has LevelScriptBlueprint '/Game/Maps/MainMenuLevel.MainMenuLevel:PersistentLevel.MainMenuLevel' with GeneratedClass '/Game/Maps/MainMenuLevel.MainMenuLevel_C' with ClassGeneratedBy '/Game/Maps/MainMenuLevel.MainMenuLevel:PersistentLevel.MainMenuLevel'
[2017.11.15-00.25.23:172][932]Cmd: OBJ SAVEPACKAGE PACKAGE="/Game/Maps/MainMenuLevel" FILE="../../../../Unreal Projects/Runner3D/EndlessRunner/Content/Maps/MainMenuLevel.umap" SILENT=true AUTOSAVING=false KEEPDIRTY=false
[2017.11.15-00.25.23:253][932]LogSavePackage: Save=42.99ms
[2017.11.15-00.25.23:253][932]LogSavePackage: Moving '../../../../Unreal Projects/Runner3D/EndlessRunner/Saved/MainMenuLevel979BF2BB4D31CB069C5CCF921BD2BAE8.tmp' to '../../../../Unreal Projects/Runner3D/EndlessRunner/Content/Maps/MainMenuLevel.umap'
[2017.11.15-00.25.23:253][932]LogSavePackage: Display: Finished SavePackage ../../../../Unreal Projects/Runner3D/EndlessRunner/Content/Maps/MainMenuLevel.umap
[2017.11.15-00.25.23:351][932]Cmd: OBJ SAVEPACKAGE PACKAGE="/Game/Maps/MainMenuLevel_BuiltData" FILE="../../../../Unreal Projects/Runner3D/EndlessRunner/Content/Maps/MainMenuLevel_BuiltData.uasset" SILENT=true
[2017.11.15-00.25.23:379][932]LogSavePackage: Save=8.04ms
[2017.11.15-00.25.23:380][932]LogSavePackage: Moving '../../../../Unreal Projects/Runner3D/EndlessRunner/Saved/MainMenuLevel_BuiltData2AB56E2948CAB9CE3CAFE3900564EB05.tmp' to '../../../../Unreal Projects/Runner3D/EndlessRunner/Content/Maps/MainMenuLevel_BuiltData.uasset'
[2017.11.15-00.25.23:380][932]LogSavePackage: Display: Finished SavePackage ../../../../Unreal Projects/Runner3D/EndlessRunner/Content/Maps/MainMenuLevel_BuiltData.uasset
[2017.11.15-00.25.27:411][258]SourceControl: fatal: D:/UE_4.17/Engine/Content/: 'D:/UE_4.17/Engine/Content/' is outside repository
[2017.11.15-00.25.34:426][258]LogSourceControl: FGitCheckInWorker: commit successful
[2017.11.15-00.25.34:478][258]SourceControl: [master 4f26fef] Quick Changes
[2017.11.15-00.25.34:478][258]SourceControl:  11 files changed, 0 insertions(+), 0 deletions(-)
[2017.11.15-00.25.34:478][258]SourceControl:  rewrite EndlessRunner/Content/ThirdPersonBP/Blueprints/BP_FloorTileDeathLight.uasset (84%)
[2017.11.15-00.25.34:478][258]SourceControl:  rewrite EndlessRunner/Content/ThirdPersonBP/Blueprints/BP_FloorTileFancy.uasset (69%)
[2017.11.15-00.25.34:478][258]SourceControl:  rewrite EndlessRunner/Content/ThirdPersonBP/Blueprints/BP_FloorTileMines.uasset (83%)
[2017.11.15-00.25.34:478][258]SourceControl:  rewrite EndlessRunner/Content/ThirdPersonBP/Blueprints/BP_FloorTileTest.uasset (87%)
[2017.11.15-00.25.34:478][258]SourceControl:  rewrite EndlessRunner/Content/ThirdPersonBP/Blueprints/BP_FloorTileThreadNeedle.uasset (87%)
[2017.11.15-00.25.34:478][258]SourceControl:  rewrite EndlessRunner/Content/ThirdPersonBP/Blueprints/Spinner.uasset (76%)
[2017.11.15-00.25.34:478][258]SourceControl:  rewrite EndlessRunner/Content/ThirdPersonBP/Blueprints/corners_tile.uasset (86%)
[2017.11.15-00.25.34:478][258]SourceControl:  rewrite EndlessRunner/Content/ThirdPersonBP/Blueprints/spinners_tile.uasset (85%)
[2017.11.15-00.25.34:478][258]SourceControl:  rewrite EndlessRunner/Content/ThirdPersonBP/Blueprints/windmills_tile.uasset (85%)
[2017.11.15-00.25.34:482][258]SourceControl: Commited [master 4f26fef] Quick Changes.
